<?xml version="1.0" encoding="UTF-8"?>
<coverage generated="1617898347536" clover="3.2.0">
  <project timestamp="1617898347536" name="All files">
    <metrics statements="17" coveredstatements="8" conditionals="4" coveredconditionals="0" methods="7" coveredmethods="1" elements="28" coveredelements="9" complexity="0" loc="17" ncloc="17" packages="2" files="4" classes="4"/>
    <package name="ChampionsContainer">
      <metrics statements="14" coveredstatements="6" conditionals="4" coveredconditionals="0" methods="6" coveredmethods="1"/>
      <file name="index.js" path="D:\Arquivos de Programas\Projetos ReactJS\project-apiriot\src\components\ChampionsContainer\index.js">
        <metrics statements="13" coveredstatements="5" conditionals="4" coveredconditionals="0" methods="6" coveredmethods="1"/>
        <line num="13" count="1" type="stmt"/>
        <line num="15" count="1" type="stmt"/>
        <line num="16" count="0" type="cond" truecount="0" falsecount="2"/>
        <line num="17" count="0" type="stmt"/>
        <line num="19" count="0" type="stmt"/>
        <line num="22" count="0" type="cond" truecount="0" falsecount="2"/>
        <line num="23" count="0" type="stmt"/>
        <line num="25" count="0" type="stmt"/>
        <line num="29" count="0" type="stmt"/>
        <line num="33" count="1" type="stmt"/>
        <line num="36" count="0" type="stmt"/>
        <line num="42" count="1" type="stmt"/>
        <line num="47" count="1" type="stmt"/>
      </file>
      <file name="styles.js" path="D:\Arquivos de Programas\Projetos ReactJS\project-apiriot\src\components\ChampionsContainer\styles.js">
        <metrics statements="1" coveredstatements="1" conditionals="0" coveredconditionals="0" methods="0" coveredmethods="0"/>
        <line num="3" count="1" type="stmt"/>
      </file>
    </package>
    <package name="ChampionsContainer.Champions">
      <metrics statements="3" coveredstatements="2" conditionals="0" coveredconditionals="0" methods="1" coveredmethods="0"/>
      <file name="index.js" path="D:\Arquivos de Programas\Projetos ReactJS\project-apiriot\src\components\ChampionsContainer\Champions\index.js">
        <metrics statements="2" coveredstatements="1" conditionals="0" coveredconditionals="0" methods="1" coveredmethods="0"/>
        <line num="7" count="0" type="stmt"/>
        <line num="17" count="1" type="stmt"/>
      </file>
      <file name="styles.js" path="D:\Arquivos de Programas\Projetos ReactJS\project-apiriot\src\components\ChampionsContainer\Champions\styles.js">
        <metrics statements="1" coveredstatements="1" conditionals="0" coveredconditionals="0" methods="0" coveredmethods="0"/>
        <line num="3" count="1" type="stmt"/>
      </file>
    </package>
  </project>
</coverage>
