TN:
SF:src\components\ChampionsContainer\index.js
FN:9,ChampionsContainer
FN:15,(anonymous_1)
FN:18,(anonymous_2)
FN:24,(anonymous_3)
FN:25,(anonymous_4)
FN:35,(anonymous_5)
FNF:6
FNH:1
FNDA:1,ChampionsContainer
FNDA:0,(anonymous_1)
FNDA:0,(anonymous_2)
FNDA:0,(anonymous_3)
FNDA:0,(anonymous_4)
FNDA:0,(anonymous_5)
DA:13,1
DA:15,1
DA:16,0
DA:17,0
DA:19,0
DA:22,0
DA:23,0
DA:25,0
DA:29,0
DA:33,1
DA:36,0
DA:42,1
DA:47,1
LF:13
LH:5
BRDA:16,0,0,0
BRDA:16,0,1,0
BRDA:22,1,0,0
BRDA:22,1,1,0
BRF:4
BRH:0
end_of_record
TN:
SF:src\components\ChampionsContainer\styles.js
FNF:0
FNH:0
DA:3,1
LF:1
LH:1
BRF:0
BRH:0
end_of_record
TN:
SF:src\components\ChampionsContainer\Champions\index.js
FN:6,Champion
FNF:1
FNH:0
FNDA:0,Champion
DA:7,0
DA:17,1
LF:2
LH:1
BRF:0
BRH:0
end_of_record
TN:
SF:src\components\ChampionsContainer\Champions\styles.js
FNF:0
FNH:0
DA:3,1
LF:1
LH:1
BRF:0
BRH:0
end_of_record
